<?xml version="1.0" encoding="UTF-8"?>
<testng-results ignored="0" total="2" passed="0" failed="2" skipped="0">
  <reporter-output>
  </reporter-output>
  <suite started-at="2024-10-03T17:02:51 IST" name="Default suite" finished-at="2024-10-03T17:03:17 IST" duration-ms="25975">
    <groups>
      <group name="cucumber">
        <method signature="AbstractTestNGCucumberTests.runScenario(io.cucumber.testng.PickleWrapper,io.cucumber.testng.FeatureWrapper)[pri:0, instance:Cucumber.TestNgTestRunner@368247b9]" name="runScenario" class="io.cucumber.testng.AbstractTestNGCucumberTests"/>
      </group> <!-- cucumber -->
    </groups>
    <test started-at="2024-10-03T17:02:51 IST" name="Default test" finished-at="2024-10-03T17:03:17 IST" duration-ms="25975">
      <class name="Cucumber.TestNgTestRunner">
        <test-method is-config="true" signature="setUpClass(org.testng.ITestContext)[pri:0, instance:Cucumber.TestNgTestRunner@368247b9]" started-at="2024-10-03T17:02:51 IST" name="setUpClass" finished-at="2024-10-03T17:02:52 IST" duration-ms="880" status="PASS">
          <params>
            <param index="0">
              <value>
                <![CDATA[org.testng.TestRunner@79fd6f95]]>
              </value>
            </param>
          </params>
          <reporter-output>
          </reporter-output>
        </test-method> <!-- setUpClass -->
        <test-method signature="runScenario(io.cucumber.testng.PickleWrapper,io.cucumber.testng.FeatureWrapper)[pri:0, instance:Cucumber.TestNgTestRunner@368247b9]" started-at="2024-10-03T17:02:52 IST" name="runScenario" description="Runs Cucumber Scenarios" data-provider="scenarios" finished-at="2024-10-03T17:03:06 IST" duration-ms="13790" status="FAIL">
          <params>
            <param index="0">
              <value>
                <![CDATA["Positive test of submitting Order with multiple data"]]>
              </value>
            </param>
            <param index="1">
              <value>
                <![CDATA["Submit order from ecommerce Website"]]>
              </value>
            </param>
          </params>
          <exception class="java.lang.RuntimeException">
            <message>
              <![CDATA[ProductsPage is not initialized]]>
            </message>
            <full-stacktrace>
              <![CDATA[java.lang.RuntimeException: ProductsPage is not initialized
at FITA.StepDefinition.stepDefImplementationCOmpleteOrder.i_add_product_to_cart(stepDefImplementationCOmpleteOrder.java:39)
at ✽.I add product to cart(file:///C:/Users/Akram/eclipse-workspace/SeleniumFramework/src/test/java/Cucumber/submitOrder.feature:8)
]]>
            </full-stacktrace>
          </exception> <!-- java.lang.RuntimeException -->
          <reporter-output>
          </reporter-output>
        </test-method> <!-- runScenario -->
        <test-method signature="runScenario(io.cucumber.testng.PickleWrapper,io.cucumber.testng.FeatureWrapper)[pri:0, instance:Cucumber.TestNgTestRunner@368247b9]" started-at="2024-10-03T17:03:06 IST" name="runScenario" description="Runs Cucumber Scenarios" data-provider="scenarios" finished-at="2024-10-03T17:03:17 IST" duration-ms="11203" status="FAIL">
          <params>
            <param index="0">
              <value>
                <![CDATA["Positive test of submitting Order with multiple data"]]>
              </value>
            </param>
            <param index="1">
              <value>
                <![CDATA["Submit order from ecommerce Website"]]>
              </value>
            </param>
          </params>
          <exception class="java.lang.RuntimeException">
            <message>
              <![CDATA[ProductsPage is not initialized]]>
            </message>
            <full-stacktrace>
              <![CDATA[java.lang.RuntimeException: ProductsPage is not initialized
at FITA.StepDefinition.stepDefImplementationCOmpleteOrder.i_add_product_to_cart(stepDefImplementationCOmpleteOrder.java:39)
at ✽.I add product to cart(file:///C:/Users/Akram/eclipse-workspace/SeleniumFramework/src/test/java/Cucumber/submitOrder.feature:8)
]]>
            </full-stacktrace>
          </exception> <!-- java.lang.RuntimeException -->
          <reporter-output>
          </reporter-output>
        </test-method> <!-- runScenario -->
        <test-method is-config="true" signature="tearDownClass()[pri:0, instance:Cucumber.TestNgTestRunner@368247b9]" started-at="2024-10-03T17:03:17 IST" name="tearDownClass" finished-at="2024-10-03T17:03:17 IST" duration-ms="14" status="PASS">
          <reporter-output>
          </reporter-output>
        </test-method> <!-- tearDownClass -->
      </class> <!-- Cucumber.TestNgTestRunner -->
    </test> <!-- Default test -->
  </suite> <!-- Default suite -->
</testng-results>
